{"C:\\src\\code-challenge\\javascript\\TreeGraph\\minimumDepthBinaryTree.js": {"path":"C:\\src\\code-challenge\\javascript\\TreeGraph\\minimumDepthBinaryTree.js","statementMap":{"0":{"start":{"line":17,"column":6},"end":{"line":17,"column":46}},"1":{"start":{"line":18,"column":6},"end":{"line":18,"column":52}},"2":{"start":{"line":19,"column":6},"end":{"line":19,"column":55}},"3":{"start":{"line":24,"column":15},"end":{"line":26,"column":1}},"4":{"start":{"line":25,"column":3},"end":{"line":25,"column":15}},"5":{"start":{"line":29,"column":14},"end":{"line":29,"column":16}},"6":{"start":{"line":30,"column":15},"end":{"line":30,"column":16}},"7":{"start":{"line":31,"column":14},"end":{"line":31,"column":15}},"8":{"start":{"line":32,"column":15},"end":{"line":32,"column":16}},"9":{"start":{"line":33,"column":3},"end":{"line":34,"column":71}},"10":{"start":{"line":34,"column":6},"end":{"line":34,"column":71}},"11":{"start":{"line":35,"column":3},"end":{"line":35,"column":11}},"12":{"start":{"line":36,"column":3},"end":{"line":52,"column":4}},"13":{"start":{"line":37,"column":6},"end":{"line":50,"column":7}},"14":{"start":{"line":38,"column":9},"end":{"line":47,"column":10}},"15":{"start":{"line":39,"column":12},"end":{"line":39,"column":53}},"16":{"start":{"line":40,"column":12},"end":{"line":40,"column":54}},"17":{"start":{"line":41,"column":12},"end":{"line":41,"column":93}},"18":{"start":{"line":44,"column":12},"end":{"line":44,"column":22}},"19":{"start":{"line":45,"column":12},"end":{"line":45,"column":22}},"20":{"start":{"line":46,"column":12},"end":{"line":46,"column":101}},"21":{"start":{"line":48,"column":9},"end":{"line":49,"column":33}},"22":{"start":{"line":49,"column":12},"end":{"line":49,"column":33}},"23":{"start":{"line":51,"column":6},"end":{"line":51,"column":14}},"24":{"start":{"line":54,"column":3},"end":{"line":54,"column":15}},"25":{"start":{"line":57,"column":0},"end":{"line":57,"column":41}},"26":{"start":{"line":58,"column":0},"end":{"line":58,"column":51}},"27":{"start":{"line":59,"column":0},"end":{"line":59,"column":51}},"28":{"start":{"line":61,"column":0},"end":{"line":61,"column":51}}},"fnMap":{"0":{"name":"(anonymous_0)","decl":{"start":{"line":16,"column":3},"end":{"line":16,"column":4}},"loc":{"start":{"line":16,"column":33},"end":{"line":20,"column":4}},"line":16},"1":{"name":"(anonymous_1)","decl":{"start":{"line":24,"column":15},"end":{"line":24,"column":16}},"loc":{"start":{"line":24,"column":31},"end":{"line":26,"column":1}},"line":24},"2":{"name":"createTree","decl":{"start":{"line":28,"column":9},"end":{"line":28,"column":19}},"loc":{"start":{"line":28,"column":27},"end":{"line":55,"column":1}},"line":28}},"branchMap":{"0":{"loc":{"start":{"line":17,"column":18},"end":{"line":17,"column":45}},"type":"cond-expr","locations":[{"start":{"line":17,"column":38},"end":{"line":17,"column":39}},{"start":{"line":17,"column":42},"end":{"line":17,"column":45}}],"line":17},"1":{"loc":{"start":{"line":18,"column":19},"end":{"line":18,"column":51}},"type":"cond-expr","locations":[{"start":{"line":18,"column":40},"end":{"line":18,"column":44}},{"start":{"line":18,"column":47},"end":{"line":18,"column":51}}],"line":18},"2":{"loc":{"start":{"line":19,"column":20},"end":{"line":19,"column":54}},"type":"cond-expr","locations":[{"start":{"line":19,"column":42},"end":{"line":19,"column":46}},{"start":{"line":19,"column":49},"end":{"line":19,"column":54}}],"line":19},"3":{"loc":{"start":{"line":33,"column":3},"end":{"line":34,"column":71}},"type":"if","locations":[{"start":{"line":33,"column":3},"end":{"line":34,"column":71}},{"start":{},"end":{}}],"line":33},"4":{"loc":{"start":{"line":37,"column":6},"end":{"line":50,"column":7}},"type":"if","locations":[{"start":{"line":37,"column":6},"end":{"line":50,"column":7}},{"start":{},"end":{}}],"line":37},"5":{"loc":{"start":{"line":38,"column":9},"end":{"line":47,"column":10}},"type":"if","locations":[{"start":{"line":38,"column":9},"end":{"line":47,"column":10}},{"start":{"line":43,"column":14},"end":{"line":47,"column":10}}],"line":38},"6":{"loc":{"start":{"line":39,"column":19},"end":{"line":39,"column":52}},"type":"cond-expr","locations":[{"start":{"line":39,"column":47},"end":{"line":39,"column":48}},{"start":{"line":39,"column":51},"end":{"line":39,"column":52}}],"line":39},"7":{"loc":{"start":{"line":40,"column":20},"end":{"line":40,"column":53}},"type":"cond-expr","locations":[{"start":{"line":40,"column":48},"end":{"line":40,"column":49}},{"start":{"line":40,"column":52},"end":{"line":40,"column":53}}],"line":40},"8":{"loc":{"start":{"line":48,"column":9},"end":{"line":49,"column":33}},"type":"if","locations":[{"start":{"line":48,"column":9},"end":{"line":49,"column":33}},{"start":{},"end":{}}],"line":48}},"s":{"0":33,"1":33,"2":33,"3":1,"4":0,"5":6,"6":6,"7":6,"8":6,"9":6,"10":6,"11":6,"12":6,"13":26,"14":16,"15":8,"16":8,"17":8,"18":8,"19":8,"20":8,"21":16,"22":6,"23":26,"24":6,"25":1,"26":1,"27":1,"28":1},"f":{"0":33,"1":0,"2":6},"b":{"0":[0,33],"1":[0,33],"2":[0,33],"3":[6,0],"4":[16,10],"5":[8,8],"6":[6,2],"7":[6,2],"8":[6,10]},"_coverageSchema":"1a1c01bbd47fc00a2c39e90264f33305004495a9","hash":"2b5a533e6adc60a3c3a91704e968fbefde410c8a"}
}
