<?xml version="1.0" encoding="UTF-8"?>
<coverage generated="1652883955648" clover="3.2.0">
  <project timestamp="1652883955648" name="All files">
    <metrics statements="29" coveredstatements="28" conditionals="18" coveredconditionals="14" methods="3" coveredmethods="2" elements="50" coveredelements="44" complexity="0" loc="29" ncloc="29" packages="1" files="1" classes="1"/>
    <file name="minimumDepthBinaryTree.js" path="C:\src\code-challenge\javascript\TreeGraph\minimumDepthBinaryTree.js">
      <metrics statements="29" coveredstatements="28" conditionals="18" coveredconditionals="14" methods="3" coveredmethods="2"/>
      <line num="17" count="33" type="cond" truecount="1" falsecount="1"/>
      <line num="18" count="33" type="cond" truecount="1" falsecount="1"/>
      <line num="19" count="33" type="cond" truecount="1" falsecount="1"/>
      <line num="24" count="1" type="stmt"/>
      <line num="25" count="0" type="stmt"/>
      <line num="29" count="6" type="stmt"/>
      <line num="30" count="6" type="stmt"/>
      <line num="31" count="6" type="stmt"/>
      <line num="32" count="6" type="stmt"/>
      <line num="33" count="6" type="cond" truecount="1" falsecount="1"/>
      <line num="34" count="6" type="stmt"/>
      <line num="35" count="6" type="stmt"/>
      <line num="36" count="6" type="stmt"/>
      <line num="37" count="26" type="cond" truecount="2" falsecount="0"/>
      <line num="38" count="16" type="cond" truecount="2" falsecount="0"/>
      <line num="39" count="8" type="cond" truecount="2" falsecount="0"/>
      <line num="40" count="8" type="cond" truecount="2" falsecount="0"/>
      <line num="41" count="8" type="stmt"/>
      <line num="44" count="8" type="stmt"/>
      <line num="45" count="8" type="stmt"/>
      <line num="46" count="8" type="stmt"/>
      <line num="48" count="16" type="cond" truecount="2" falsecount="0"/>
      <line num="49" count="6" type="stmt"/>
      <line num="51" count="26" type="stmt"/>
      <line num="54" count="6" type="stmt"/>
      <line num="57" count="1" type="stmt"/>
      <line num="58" count="1" type="stmt"/>
      <line num="59" count="1" type="stmt"/>
      <line num="61" count="1" type="stmt"/>
    </file>
  </project>
</coverage>
