TN:
SF:minimumDepthBinaryTree.js
FN:16,(anonymous_0)
FN:24,(anonymous_1)
FN:28,createTree
FNF:3
FNH:2
FNDA:33,(anonymous_0)
FNDA:0,(anonymous_1)
FNDA:6,createTree
DA:17,33
DA:18,33
DA:19,33
DA:24,1
DA:25,0
DA:29,6
DA:30,6
DA:31,6
DA:32,6
DA:33,6
DA:34,6
DA:35,6
DA:36,6
DA:37,26
DA:38,16
DA:39,8
DA:40,8
DA:41,8
DA:44,8
DA:45,8
DA:46,8
DA:48,16
DA:49,6
DA:51,26
DA:54,6
DA:57,1
DA:58,1
DA:59,1
DA:61,1
LF:29
LH:28
BRDA:17,0,0,0
BRDA:17,0,1,33
BRDA:18,1,0,0
BRDA:18,1,1,33
BRDA:19,2,0,0
BRDA:19,2,1,33
BRDA:33,3,0,6
BRDA:33,3,1,0
BRDA:37,4,0,16
BRDA:37,4,1,10
BRDA:38,5,0,8
BRDA:38,5,1,8
BRDA:39,6,0,6
BRDA:39,6,1,2
BRDA:40,7,0,6
BRDA:40,7,1,2
BRDA:48,8,0,6
BRDA:48,8,1,10
BRF:18
BRH:14
end_of_record
