TN:
SF:minimumDepthBinaryTree.js
FN:16,(anonymous_0)
FN:24,(anonymous_1)
FN:28,createTree
FNF:3
FNH:2
FNDA:33,(anonymous_0)
FNDA:0,(anonymous_1)
FNDA:6,createTree
DA:17,33
DA:18,33
DA:19,33
DA:24,1
DA:25,0
DA:29,6
DA:30,6
DA:31,6
DA:32,6
DA:33,6
DA:34,6
DA:35,6
DA:36,6
DA:37,6
DA:38,6
DA:39,26
DA:40,26
DA:41,26
DA:42,16
DA:43,8
DA:45,8
DA:46,16
DA:47,6
DA:49,26
DA:51,6
DA:52,6
DA:55,1
DA:56,1
DA:57,1
DA:59,1
LF:30
LH:29
BRDA:17,0,0,0
BRDA:17,0,1,33
BRDA:18,1,0,0
BRDA:18,1,1,33
BRDA:19,2,0,0
BRDA:19,2,1,33
BRDA:33,3,0,6
BRDA:33,3,1,0
BRDA:35,4,0,2
BRDA:35,4,1,4
BRDA:36,5,0,2
BRDA:36,5,1,4
BRDA:39,6,0,10
BRDA:39,6,1,16
BRDA:40,7,0,10
BRDA:40,7,1,16
BRDA:41,8,0,16
BRDA:41,8,1,10
BRDA:42,9,0,8
BRDA:42,9,1,8
BRDA:46,10,0,6
BRDA:46,10,1,10
BRF:22
BRH:18
end_of_record
